<?xml version="1.0" encoding="UTF-8"?>
<!-- Generated by org.testng.reporters.JUnitReportReporter -->
<testsuite hostname="NIHILESH" failures="0" tests="2" name="PL_Live_Test.Activitytest" time="108.654" errors="0" timestamp="2023-04-07T10:46:39 IST" skipped="1">
  <testcase classname="PL_Live_Test.Activitytest" name="createactivitytestinner" time="108.654"/>
  <system-out/>
  <testcase classname="PL_Live_Test.Activitytest" name="createactivityoutertest">
    <skipped/>
  </testcase> <!-- createactivityoutertest -->
  <system-out/>
</testsuite> <!-- PL_Live_Test.Activitytest -->
