<?xml version="1.0" encoding="UTF-8"?>
<!-- Generated by org.testng.reporters.JUnitReportReporter -->
<testsuite hostname="NIHILESH" failures="0" tests="1" name="PL_Live_Test.Logintest" time="11.673" errors="0" timestamp="2023-04-07T10:46:39 IST" skipped="0">
  <testcase classname="PL_Live_Test.Logintest" name="logintest" time="11.673"/>
  <system-out/>
</testsuite> <!-- PL_Live_Test.Logintest -->
