<?xml version="1.0" encoding="UTF-8"?>
<!-- Generated by org.testng.reporters.JUnitReportReporter -->
<testsuite hostname="NIHILESH" failures="0" tests="2" name="PTest.UID_Timesheet_report" time="215.466" errors="0" timestamp="2023-04-05T14:16:50 IST" skipped="0">
  <testcase classname="PTest.UID_Timesheet_report" name="uidreporinnertabttest" time="106.067"/>
  <system-out/>
  <testcase classname="PTest.UID_Timesheet_report" name="uidreporttest" time="109.399"/>
  <system-out/>
</testsuite> <!-- PTest.UID_Timesheet_report -->
