<?xml version="1.0" encoding="UTF-8"?>
<!-- Generated by org.testng.reporters.JUnitReportReporter -->
<testsuite hostname="NIHILESH" failures="0" tests="16" name="Praticeleague_dataprovider.DSK_DMS_User" time="415.637" errors="0" timestamp="2023-04-18T12:48:21 IST" skipped="0">
  <testcase classname="Praticeleague_dataprovider.DSK_DMS_User" name="addIndianListforClient2" time="25.464"/>
  <system-out/>
  <testcase classname="Praticeleague_dataprovider.DSK_DMS_User" name="addIndianListforClient2" time="25.070"/>
  <system-out/>
  <testcase classname="Praticeleague_dataprovider.DSK_DMS_User" name="addIndianListforClient2" time="24.150"/>
  <system-out/>
  <testcase classname="Praticeleague_dataprovider.DSK_DMS_User" name="addIndianListforClient2" time="26.414"/>
  <system-out/>
  <testcase classname="Praticeleague_dataprovider.DSK_DMS_User" name="addIndianListforClient2" time="24.867"/>
  <system-out/>
  <testcase classname="Praticeleague_dataprovider.DSK_DMS_User" name="addIndianListforClient2" time="25.238"/>
  <system-out/>
  <testcase classname="Praticeleague_dataprovider.DSK_DMS_User" name="addIndianListforClient2" time="24.985"/>
  <system-out/>
  <testcase classname="Praticeleague_dataprovider.DSK_DMS_User" name="addIndianListforClient2" time="23.782"/>
  <system-out/>
  <testcase classname="Praticeleague_dataprovider.DSK_DMS_User" name="addIndianListforClient2" time="38.469"/>
  <system-out/>
  <testcase classname="Praticeleague_dataprovider.DSK_DMS_User" name="addIndianListforClient2" time="25.460"/>
  <system-out/>
  <testcase classname="Praticeleague_dataprovider.DSK_DMS_User" name="addIndianListforClient2" time="24.439"/>
  <system-out/>
  <testcase classname="Praticeleague_dataprovider.DSK_DMS_User" name="addIndianListforClient2" time="25.135"/>
  <system-out/>
  <testcase classname="Praticeleague_dataprovider.DSK_DMS_User" name="addIndianListforClient2" time="24.450"/>
  <system-out/>
  <testcase classname="Praticeleague_dataprovider.DSK_DMS_User" name="addIndianListforClient2" time="24.539"/>
  <system-out/>
  <testcase classname="Praticeleague_dataprovider.DSK_DMS_User" name="addIndianListforClient2" time="27.271"/>
  <system-out/>
  <testcase classname="Praticeleague_dataprovider.DSK_DMS_User" name="addIndianListforClient2" time="25.904"/>
  <system-out/>
</testsuite> <!-- Praticeleague_dataprovider.DSK_DMS_User -->
