<?xml version="1.0" encoding="UTF-8"?>
<!-- Generated by org.testng.reporters.JUnitReportReporter -->
<testsuite hostname="NIHILESH" failures="0" tests="1" name="Trial.readexceldata" time="8.484" errors="0" timestamp="2023-03-21T14:49:31 IST" skipped="0">
  <testcase classname="Trial.readexceldata" name="before" time="8.484"/>
  <system-out/>
</testsuite> <!-- Trial.readexceldata -->
