<?xml version="1.0" encoding="UTF-8"?>
<!-- Generated by org.testng.reporters.JUnitReportReporter -->
<testsuite hostname="NIHILESH" failures="0" tests="1" name="Trial.test" time="15.349" errors="0" timestamp="2023-03-21T12:55:05 IST" skipped="0">
  <testcase classname="Trial.test" name="before" time="15.349"/>
  <system-out/>
</testsuite> <!-- Trial.test -->
