<?xml version="1.0" encoding="UTF-8"?>
<!-- Generated by org.testng.reporters.JUnitReportReporter -->
<testsuite hostname="NIHILESH" failures="0" tests="1" name="PTest.Logintest" time="11.659" errors="0" timestamp="2023-04-07T10:25:26 IST" skipped="0">
  <testcase classname="PTest.Logintest" name="logintest" time="11.659"/>
  <system-out/>
</testsuite> <!-- PTest.Logintest -->
