<?xml version="1.0" encoding="UTF-8"?>
<!-- Generated by org.testng.reporters.JUnitReportReporter -->
<testsuite hostname="NIHILESH" failures="0" tests="3" name="PL_Live_Test.mattertest" time="54.651" errors="0" timestamp="2023-04-07T10:46:39 IST" skipped="2">
  <testcase classname="PL_Live_Test.mattertest" name="createmattertest" time="54.651"/>
  <system-out/>
  <testcase classname="PL_Live_Test.mattertest" name="createresorcingtest">
    <skipped/>
  </testcase> <!-- createresorcingtest -->
  <system-out/>
  <testcase classname="PL_Live_Test.mattertest" name="activitytest">
    <skipped/>
  </testcase> <!-- activitytest -->
  <system-out/>
</testsuite> <!-- PL_Live_Test.mattertest -->
