<?xml version="1.0" encoding="UTF-8"?>
<!-- Generated by org.testng.reporters.JUnitReportReporter -->
<testsuite hostname="NIHILESH" failures="0" tests="2" name="PL_Live_Test.contacttest" time="29.056" errors="0" timestamp="2023-04-07T10:46:39 IST" skipped="1">
  <testcase classname="PL_Live_Test.contacttest" name="addcompanytest" time="29.056"/>
  <system-out/>
  <testcase classname="PL_Live_Test.contacttest" name="deletecompanytest">
    <skipped/>
  </testcase> <!-- deletecompanytest -->
  <system-out/>
</testsuite> <!-- PL_Live_Test.contacttest -->
