<?xml version="1.0" encoding="UTF-8"?>
<!-- Generated by org.testng.reporters.JUnitReportReporter -->
<testsuite hostname="NIHILESH" failures="0" tests="2" name="PTest.Activitytest" time="107.550" errors="0" timestamp="2023-04-07T10:25:26 IST" skipped="1">
  <testcase classname="PTest.Activitytest" name="createactivitytestinner" time="107.550"/>
  <system-out/>
  <testcase classname="PTest.Activitytest" name="createactivityoutertest">
    <skipped/>
  </testcase> <!-- createactivityoutertest -->
  <system-out/>
</testsuite> <!-- PTest.Activitytest -->
