<?xml version="1.0" encoding="UTF-8"?>
<!-- Generated by org.testng.reporters.JUnitReportReporter -->
<testsuite hostname="NIHILESH" failures="0" tests="3" name="PTest.mattertest" time="51.333" errors="0" timestamp="2023-04-07T10:25:26 IST" skipped="2">
  <testcase classname="PTest.mattertest" name="createmattertest" time="51.333"/>
  <system-out/>
  <testcase classname="PTest.mattertest" name="createresorcingtest">
    <skipped/>
  </testcase> <!-- createresorcingtest -->
  <system-out/>
  <testcase classname="PTest.mattertest" name="activitytest">
    <skipped/>
  </testcase> <!-- activitytest -->
  <system-out/>
</testsuite> <!-- PTest.mattertest -->
