<?xml version="1.0" encoding="UTF-8"?>
<!-- Generated by org.testng.reporters.JUnitReportReporter -->
<testsuite hostname="NIHILESH" failures="0" tests="2" name="PTest.contacttest" time="28.204" errors="0" timestamp="2023-04-07T10:25:26 IST" skipped="1">
  <testcase classname="PTest.contacttest" name="addcompanytest" time="28.204"/>
  <system-out/>
  <testcase classname="PTest.contacttest" name="deletecompanytest">
    <skipped/>
  </testcase> <!-- deletecompanytest -->
  <system-out/>
</testsuite> <!-- PTest.contacttest -->
