<?xml version="1.0" encoding="UTF-8"?>
<!-- Generated by org.testng.reporters.JUnitReportReporter -->
<testsuite hostname="NIHILESH" failures="0" tests="4" name="Trial.Testexcel" time="21.171" errors="0" timestamp="2023-03-21T16:09:20 IST" skipped="0">
  <testcase classname="Trial.Testexcel" name="addIndianListforClient2" time="5.459"/>
  <system-out/>
  <testcase classname="Trial.Testexcel" name="addIndianListforClient2" time="3.394"/>
  <system-out/>
  <testcase classname="Trial.Testexcel" name="addIndianListforClient2" time="8.450"/>
  <system-out/>
  <testcase classname="Trial.Testexcel" name="addIndianListforClient2" time="3.868"/>
  <system-out/>
</testsuite> <!-- Trial.Testexcel -->
